[35m[1mScanning dependencies of target handler_node[0m
[ 50%] [32mBuilding CXX object CMakeFiles/handler_node.dir/src/handler.cpp.o[0m
[01m[K/home/troia/Ros/error/src/handler/src/handler.cpp:16:16:[m[K [01;31m[Kerror: [m[KISO C++ forbids in-class initialization of non-const static member â€˜[01m[KLogger::tempus[m[Kâ€™
   16 |  static time_t [01;31m[Ktempus[m[K = time(NULL);
      |                [01;31m[K^~~~~~[m[K
[01m[K/home/troia/Ros/error/src/handler/src/handler.cpp:16:29:[m[K [01;31m[Kerror: [m[Kcall to non-â€˜[01m[Kconstexpr[m[Kâ€™ function â€˜[01m[Ktime_t time(time_t*)[m[Kâ€™
   16 |  static time_t tempus = [01;31m[Ktime(NULL)[m[K;
      |                         [01;31m[K~~~~^~~~~~[m[K
[01m[K/home/troia/Ros/error/src/handler/src/handler.cpp:[m[K In function â€˜[01m[Kvoid error_slam_call(const ConstPtr&)[m[Kâ€™:
[01m[K/home/troia/Ros/error/src/handler/src/handler.cpp:23:9:[m[K [01;31m[Kerror: [m[Kexpected unqualified-id before â€˜[01m[K.[m[Kâ€™ token
   23 |   Logger[01;31m[K.[m[Klog("Track Lost");
      |         [01;31m[K^[m[K
[01m[K/home/troia/Ros/error/src/handler/src/handler.cpp:28:9:[m[K [01;31m[Kerror: [m[Kexpected unqualified-id before â€˜[01m[K.[m[Kâ€™ token
   28 |   Logger[01;31m[K.[m[Klog("Tracker Loster");
      |         [01;31m[K^[m[K
[01m[K/home/troia/Ros/error/src/handler/src/handler.cpp:33:9:[m[K [01;31m[Kerror: [m[Kexpected unqualified-id before â€˜[01m[K.[m[Kâ€™ token
   33 |   Logger[01;31m[K.[m[Klog("WAAAAAAAH")
      |         [01;31m[K^[m[K
[01m[K/home/troia/Ros/error/src/handler/src/handler.cpp:[m[K In function â€˜[01m[Kint main(int, char**)[m[Kâ€™:
[01m[K/home/troia/Ros/error/src/handler/src/handler.cpp:54:8:[m[K [01;31m[Kerror: [m[Kexpected unqualified-id before â€˜[01m[K.[m[Kâ€™ token
   54 |  Logger[01;31m[K.[m[Kinit("sto.cazzo");
      |        [01;31m[K^[m[K
make[2]: *** [CMakeFiles/handler_node.dir/build.make:63: CMakeFiles/handler_node.dir/src/handler.cpp.o] Error 1
make[1]: *** [CMakeFiles/Makefile2:209: CMakeFiles/handler_node.dir/all] Error 2
make: *** [Makefile:141: all] Error 2
